#
# A fatal error has been detected by the Java Runtime Environment:
#
#  EXCEPTION_ACCESS_VIOLATION (0xc0000005) at pc=0x000000006ed88232, pid=5764, tid=4296
#
# JRE version: Java(TM) SE Runtime Environment (7.0_40-b43) (build 1.7.0_40-b43)
# Java VM: Java HotSpot(TM) 64-Bit Server VM (24.0-b56 mixed mode windows-amd64 compressed oops)
# Problematic frame:
# V  [jvm.dll+0x398232]
#
# Failed to write core dump. Minidumps are not enabled by default on client versions of Windows
#
# If you would like to submit a bug report, please visit:
#   http://bugreport.sun.com/bugreport/crash.jsp
#

---------------  T H R E A D  ---------------

Current thread (0x000000000fe2d000):  VMThread [stack: 0x0000000011be0000,0x0000000011ce0000] [id=4296]

siginfo: ExceptionCode=0xc0000005, reading address 0xffffffffffffffff

Registers:
RAX=0x00001fffffff2088, RBX=0x00009ffffffba2a8, RCX=0x000000006f143bd0, RDX=0x0000000000002000
RSP=0x0000000011cdf2e0, RBP=0x000000006f143bd0, RSI=0x0000000001d80000, RDI=0x0000000000002000
R8 =0x0000000000000041, R9 =0x000000001e91e775, R10=0x00000000007a479e, R11=0x000000001e91e780
R12=0x000000000000000c, R13=0x0000000002238d30, R14=0x000000000225fd30, R15=0x0000000000000000
RIP=0x000000006ed88232, EFLAGS=0x0000000000010a06

Top of Stack: (sp=0x0000000011cdf2e0)
0x0000000011cdf2e0:   000000000000e6c4 000000006f143bd0
0x0000000011cdf2f0:   0000000001d80000 000000006ead68b6
0x0000000011cdf300:   000000000000000c 000000006eb030ac
0x0000000011cdf310:   00000007f05d8e28 0000000000000010
0x0000000011cdf320:   00000007efe269f8 00000007f0826a08
0x0000000011cdf330:   0000000000000013 000000006ed899bc
0x0000000011cdf340:   00000007efe269f8 00000000022c8ac0
0x0000000011cdf350:   0000000001dcd530 00000000022c8ac0
0x0000000011cdf360:   0000000000000000 000000006ed89ebd
0x0000000011cdf370:   0000000001dcc4a0 0000000011cdf540
0x0000000011cdf380:   000000006f107990 000000006efae010
0x0000000011cdf390:   00000000022c8ac0 000000006ed8a22a
0x0000000011cdf3a0:   0000000000000003 0000000011cdf540
0x0000000011cdf3b0:   000000006f107990 000000006f107990
0x0000000011cdf3c0:   000000006f107990 0000000010b50250
0x0000000011cdf3d0:   000000006ef8fe18 0000000000000008 

Instructions: (pc=0x000000006ed88232)
0x000000006ed88212:   24 20 41 54 48 83 ec 20 48 8b 71 18 48 8b c2 48
0x000000006ed88222:   8b fa 48 2b 01 48 8b e9 48 c1 e8 13 48 8d 1c 80
0x000000006ed88232:   44 8b 44 de 1c 8b 44 de 18 4c 8b 24 de 41 81 e0
0x000000006ed88242:   ff ff ff 07 4c 03 c0 49 81 f8 00 00 01 00 75 09 


Register to memory mapping:

RAX=0x00001fffffff2088 is an unknown value
RBX=0x00009ffffffba2a8 is an unknown value
RCX=0x000000006f143bd0 is an unknown value
RDX=0x0000000000002000 is an unknown value
RSP=0x0000000011cdf2e0 is an unknown value
RBP=0x000000006f143bd0 is an unknown value
RSI=0x0000000001d80000 is an unknown value
RDI=0x0000000000002000 is an unknown value
R8 =0x0000000000000041 is an unknown value
R9 =0x000000001e91e775 is an unknown value
R10=0x00000000007a479e is an unknown value
R11=0x000000001e91e780 is an unknown value
R12=0x000000000000000c is an unknown value
R13=0x0000000002238d30 is an unknown value
R14=0x000000000225fd30 is an unknown value
R15=0x0000000000000000 is an unknown value


Stack: [0x0000000011be0000,0x0000000011ce0000],  sp=0x0000000011cdf2e0,  free space=1020k
Native frames: (J=compiled Java code, j=interpreted, Vv=VM code, C=native code)
V  [jvm.dll+0x398232]

VM_Operation (0x000000001e58f210): ParallelGCFailedAllocation, mode: safepoint, requested by thread 0x0000000010c07800


---------------  P R O C E S S  ---------------

Java Threads: ( => current thread )
  0x0000000010c07800 JavaThread "Thread-21" [_thread_blocked, id=5976, stack(0x000000001e490000,0x000000001e590000)]
  0x0000000010c08800 JavaThread "Swing-Shell" daemon [_thread_blocked, id=1212, stack(0x000000001e750000,0x000000001e850000)]
  0x0000000010c07000 JavaThread "DestroyJavaVM" [_thread_blocked, id=10196, stack(0x00000000026c0000,0x00000000027c0000)]
  0x0000000010c06000 JavaThread "Thread-3" [_thread_blocked, id=6388, stack(0x000000001e2b0000,0x000000001e3b0000)]
  0x0000000010c05800 JavaThread "TimerQueue" daemon [_thread_blocked, id=8532, stack(0x000000001d0b0000,0x000000001d1b0000)]
  0x0000000010c04800 JavaThread "J3D-InputDeviceScheduler-1" [_thread_blocked, id=9988, stack(0x000000001bed0000,0x000000001bfd0000)]
  0x0000000010c04000 JavaThread "J3D-SoundSchedulerUpdateThread-1" [_thread_blocked, id=7612, stack(0x000000001bc80000,0x000000001bd80000)]
  0x0000000010c03000 JavaThread "J3D-RenderStructureUpdateThread-1" [_thread_blocked, id=1012, stack(0x000000001baf0000,0x000000001bbf0000)]
  0x0000000010c02800 JavaThread "J3D-BehaviorScheduler-1" [_thread_blocked, id=10636, stack(0x000000001b9d0000,0x000000001bad0000)]
  0x0000000010c01800 JavaThread "J3D-TransformStructureUpdateThread-1" [_thread_blocked, id=6628, stack(0x000000001b8c0000,0x000000001b9c0000)]
  0x0000000010c01000 JavaThread "J3D-RenderingEnvironmentStructureUpdateThread-1" [_thread_blocked, id=9916, stack(0x000000001b6f0000,0x000000001b7f0000)]
  0x0000000010c00000 JavaThread "J3D-SoundStructureUpdateThread-1" [_thread_blocked, id=7720, stack(0x000000001b5f0000,0x000000001b6f0000)]
  0x0000000010bff800 JavaThread "J3D-GeometryStructureUpdateThread-1" [_thread_blocked, id=10392, stack(0x000000001b3f0000,0x000000001b4f0000)]
  0x0000000010bfe800 JavaThread "J3D-BehaviorStructureUpdateThread-1" [_thread_blocked, id=7924, stack(0x000000001b1a0000,0x000000001b2a0000)]
  0x0000000013658800 JavaThread "D3D Screen Updater" daemon [_thread_blocked, id=4008, stack(0x000000001a290000,0x000000001a390000)]
  0x00000000133fe000 JavaThread "AWT-EventQueue-0" [_thread_blocked, id=6516, stack(0x0000000018980000,0x0000000018a80000)]
  0x00000000132e2800 JavaThread "J3D-Renderer-1" [_thread_blocked, id=9016, stack(0x0000000017920000,0x0000000017a20000)]
  0x0000000013246800 JavaThread "J3D-MasterControl-1" [_thread_blocked, id=9416, stack(0x0000000017a40000,0x0000000017b40000)]
  0x0000000013245800 JavaThread "J3D-NotificationThread" [_thread_blocked, id=9060, stack(0x0000000016aa0000,0x0000000016ba0000)]
  0x00000000132ea800 JavaThread "J3D-TimerThread" [_thread_blocked, id=8688, stack(0x0000000017780000,0x0000000017880000)]
  0x000000001330b800 JavaThread "J3D-RenderingAttributesStructureUpdateThread" [_thread_blocked, id=8316, stack(0x00000000175a0000,0x00000000176a0000)]
  0x00000000132ec800 JavaThread "AWT-Windows" daemon [_thread_blocked, id=8556, stack(0x0000000013cc0000,0x0000000013dc0000)]
  0x000000001327f800 JavaThread "AWT-Shutdown" [_thread_blocked, id=6480, stack(0x0000000013bc0000,0x0000000013cc0000)]
  0x00000000132df800 JavaThread "Java2D Disposer" daemon [_thread_blocked, id=6164, stack(0x0000000013a40000,0x0000000013b40000)]
  0x0000000010bd7800 JavaThread "Service Thread" daemon [_thread_blocked, id=11164, stack(0x0000000012f00000,0x0000000013000000)]
  0x0000000010bd6800 JavaThread "C2 CompilerThread1" daemon [_thread_blocked, id=7200, stack(0x00000000128f0000,0x00000000129f0000)]
  0x0000000010bd5000 JavaThread "C2 CompilerThread0" daemon [_thread_blocked, id=10284, stack(0x0000000012cb0000,0x0000000012db0000)]
  0x0000000010bc3800 JavaThread "JDWP Command Reader" daemon [_thread_blocked, id=9088, stack(0x0000000012ba0000,0x0000000012ca0000)]
  0x0000000010bc0800 JavaThread "JDWP Event Helper Thread" daemon [_thread_blocked, id=7840, stack(0x00000000129f0000,0x0000000012af0000)]
  0x000000000fe4d800 JavaThread "JDWP Transport Listener: dt_socket" daemon [_thread_blocked, id=8344, stack(0x00000000127a0000,0x00000000128a0000)]
  0x000000000fe45800 JavaThread "Attach Listener" daemon [_thread_blocked, id=10512, stack(0x0000000011f20000,0x0000000012020000)]
  0x000000000fe45000 JavaThread "Signal Dispatcher" daemon [_thread_blocked, id=8864, stack(0x0000000011ce0000,0x0000000011de0000)]
  0x00000000022ce800 JavaThread "Finalizer" daemon [_thread_blocked, id=8356, stack(0x0000000011de0000,0x0000000011ee0000)]
  0x000000000fe30000 JavaThread "Reference Handler" daemon [_thread_blocked, id=4224, stack(0x0000000011ae0000,0x0000000011be0000)]

Other Threads:
=>0x000000000fe2d000 VMThread [stack: 0x0000000011be0000,0x0000000011ce0000] [id=4296]
  0x0000000010bf3800 WatcherThread [stack: 0x0000000013020000,0x0000000013120000] [id=9676]

VM state:at safepoint (normal execution)

VM Mutex/Monitor currently owned by a thread:  ([mutex/lock_event])
[0x00000000023bcf80] Threads_lock - owner thread: 0x000000000fe2d000
[0x00000000023bd480] Heap_lock - owner thread: 0x0000000010c07800

Heap
 PSYoungGen      total 999424K, used 64480K [0x00000007aaf00000, 0x0000000800000000, 0x0000000800000000)
  eden space 934912K, 0% used [0x00000007aaf00000,0x00000007aaf00000,0x00000007e4000000)
  from space 64512K, 99% used [0x00000007efb00000,0x00000007f39f8040,0x00000007f3a00000)
  to   space 191488K, 0% used [0x00000007e4000000,0x00000007e4000000,0x00000007efb00000)
 ParOldGen       total 439296K, used 438329K [0x0000000700e00000, 0x000000071bb00000, 0x00000007aaf00000)
  object space 439296K, 99% used [0x0000000700e00000,0x000000071ba0e7e0,0x000000071bb00000)
 PSPermGen       total 21504K, used 20178K [0x00000006fbc00000, 0x00000006fd100000, 0x0000000700e00000)
  object space 21504K, 93% used [0x00000006fbc00000,0x00000006fcfb4b88,0x00000006fd100000)

Card table byte_map: [0x00000000057c0000,0x0000000005ff0000] byte_map_base: 0x0000000001fe2000

Polling page: 0x0000000000220000

Code Cache  [0x00000000027c0000, 0x0000000002cf0000, 0x00000000057c0000)
 total_blobs=1860 nmethods=1239 adapters=581 free_code_cache=44017Kb largest_free_block=44929024

Compilation events (10 events):
Event: 69.537 Thread 0x0000000010bd5000 1310   !         javax.media.j3d.Shape3DRetained::doSetLive (1378 bytes)
Event: 69.574 Thread 0x0000000010bd6800 1311             java.lang.Enum::ordinal (5 bytes)
Event: 69.574 Thread 0x0000000010bd6800 nmethod 1311 0x0000000002c8da10 code [0x0000000002c8db40, 0x0000000002c8db98]
Event: 69.574 Thread 0x0000000010bd6800 1312             entities.ParticleSystem::update (199 bytes)
Event: 69.585 Thread 0x0000000010bd6800 nmethod 1312 0x0000000002ca99d0 code [0x0000000002ca9c00, 0x0000000002caa7b0]
Event: 69.585 Thread 0x0000000010bd6800 1313             javax.media.j3d.TransparencyAttributesRetained::handleFrequencyChange (22 bytes)
Event: 69.586 Thread 0x0000000010bd6800 nmethod 1313 0x0000000002c32090 code [0x0000000002c321c0, 0x0000000002c322b8]
Event: 69.688 Thread 0x0000000010bd5000 nmethod 1310 0x0000000002cd4490 code [0x0000000002cd4de0, 0x0000000002cddd60]
Event: 71.376 Thread 0x0000000010bd6800 1314             java.util.concurrent.locks.AbstractQueuedSynchronizer::compareAndSetTail (13 bytes)
Event: 71.376 Thread 0x0000000010bd6800 nmethod 1314 0x0000000002c32f10 code [0x0000000002c33040, 0x0000000002c330d8]

GC Heap History (10 events):
Event: 15.103 GC heap after
Heap after GC invocations=10 (full 0):
 PSYoungGen      total 435200K, used 12896K [0x00000007aaf00000, 0x00000007c6c00000, 0x0000000800000000)
  eden space 417792K, 0% used [0x00000007aaf00000,0x00000007aaf00000,0x00000007c4700000)
  from space 17408K, 74% used [0x00000007c5900000,0x00000007c65981a0,0x00000007c6a00000)
  to   space 18432K, 0% used [0x00000007c4700000,0x00000007c4700000,0x00000007c5900000)
 ParOldGen       total 174080K, used 19117K [0x0000000700e00000, 0x000000070b800000, 0x00000007aaf00000)
  object space 174080K, 10% used [0x0000000700e00000,0x00000007020ab528,0x000000070b800000)
 PSPermGen       total 21504K, used 19573K [0x00000006fbc00000, 0x00000006fd100000, 0x0000000700e00000)
  object space 21504K, 91% used [0x00000006fbc00000,0x00000006fcf1d720,0x00000006fd100000)
}
Event: 16.377 GC heap before
{Heap before GC invocations=11 (full 0):
 PSYoungGen      total 435200K, used 430688K [0x00000007aaf00000, 0x00000007c6c00000, 0x0000000800000000)
  eden space 417792K, 100% used [0x00000007aaf00000,0x00000007c4700000,0x00000007c4700000)
  from space 17408K, 74% used [0x00000007c5900000,0x00000007c65981a0,0x00000007c6a00000)
  to   space 18432K, 0% used [0x00000007c4700000,0x00000007c4700000,0x00000007c5900000)
 ParOldGen       total 174080K, used 19117K [0x0000000700e00000, 0x000000070b800000, 0x00000007aaf00000)
  object space 174080K, 10% used [0x0000000700e00000,0x00000007020ab528,0x000000070b800000)
 PSPermGen       total 21504K, used 19624K [0x00000006fbc00000, 0x00000006fd100000, 0x0000000700e00000)
  object space 21504K, 91% used [0x00000006fbc00000,0x00000006fcf2a270,0x00000006fd100000)
Event: 16.387 GC heap after
Heap after GC invocations=11 (full 0):
 PSYoungGen      total 436224K, used 18400K [0x00000007aaf00000, 0x00000007d7900000, 0x0000000800000000)
  eden space 417792K, 0% used [0x00000007aaf00000,0x00000007aaf00000,0x00000007c4700000)
  from space 18432K, 99% used [0x00000007c4700000,0x00000007c58f82d0,0x00000007c5900000)
  to   space 31232K, 0% used [0x00000007d5a80000,0x00000007d5a80000,0x00000007d7900000)
 ParOldGen       total 174080K, used 47358K [0x0000000700e00000, 0x000000070b800000, 0x00000007aaf00000)
  object space 174080K, 27% used [0x0000000700e00000,0x0000000703c3f8d8,0x000000070b800000)
 PSPermGen       total 21504K, used 19624K [0x00000006fbc00000, 0x00000006fd100000, 0x0000000700e00000)
  object space 21504K, 91% used [0x00000006fbc00000,0x00000006fcf2a270,0x00000006fd100000)
}
Event: 17.397 GC heap before
{Heap before GC invocations=12 (full 0):
 PSYoungGen      total 436224K, used 436192K [0x00000007aaf00000, 0x00000007d7900000, 0x0000000800000000)
  eden space 417792K, 100% used [0x00000007aaf00000,0x00000007c4700000,0x00000007c4700000)
  from space 18432K, 99% used [0x00000007c4700000,0x00000007c58f82d0,0x00000007c5900000)
  to   space 31232K, 0% used [0x00000007d5a80000,0x00000007d5a80000,0x00000007d7900000)
 ParOldGen       total 174080K, used 47358K [0x0000000700e00000, 0x000000070b800000, 0x00000007aaf00000)
  object space 174080K, 27% used [0x0000000700e00000,0x0000000703c3f8d8,0x000000070b800000)
 PSPermGen       total 21504K, used 19786K [0x00000006fbc00000, 0x00000006fd100000, 0x0000000700e00000)
  object space 21504K, 92% used [0x00000006fbc00000,0x00000006fcf52988,0x00000006fd100000)
Event: 17.408 GC heap after
Heap after GC invocations=12 (full 0):
 PSYoungGen      total 694784K, used 31201K [0x00000007aaf00000, 0x00000007d8300000, 0x0000000800000000)
  eden space 663552K, 0% used [0x00000007aaf00000,0x00000007aaf00000,0x00000007d3700000)
  from space 31232K, 99% used [0x00000007d5a80000,0x00000007d78f85d0,0x00000007d7900000)
  to   space 36352K, 0% used [0x00000007d3700000,0x00000007d3700000,0x00000007d5a80000)
 ParOldGen       total 174080K, used 65454K [0x0000000700e00000, 0x000000070b800000, 0x00000007aaf00000)
  object space 174080K, 37% used [0x0000000700e00000,0x0000000704debbf8,0x000000070b800000)
 PSPermGen       total 21504K, used 19786K [0x00000006fbc00000, 0x00000006fd100000, 0x0000000700e00000)
  object space 21504K, 92% used [0x00000006fbc00000,0x00000006fcf52988,0x00000006fd100000)
}
Event: 53.707 GC heap before
{Heap before GC invocations=13 (full 0):
 PSYoungGen      total 694784K, used 694753K [0x00000007aaf00000, 0x00000007d8300000, 0x0000000800000000)
  eden space 663552K, 100% used [0x00000007aaf00000,0x00000007d3700000,0x00000007d3700000)
  from space 31232K, 99% used [0x00000007d5a80000,0x00000007d78f85d0,0x00000007d7900000)
  to   space 36352K, 0% used [0x00000007d3700000,0x00000007d3700000,0x00000007d5a80000)
 ParOldGen       total 174080K, used 65454K [0x0000000700e00000, 0x000000070b800000, 0x00000007aaf00000)
  object space 174080K, 37% used [0x0000000700e00000,0x0000000704debbf8,0x000000070b800000)
 PSPermGen       total 21504K, used 20134K [0x00000006fbc00000, 0x00000006fd100000, 0x0000000700e00000)
  object space 21504K, 93% used [0x00000006fbc00000,0x00000006fcfa9a80,0x00000006fd100000)
Event: 53.772 GC heap after
Heap after GC invocations=13 (full 0):
 PSYoungGen      total 699904K, used 36336K [0x00000007aaf00000, 0x00000007f3a00000, 0x0000000800000000)
  eden space 663552K, 0% used [0x00000007aaf00000,0x00000007aaf00000,0x00000007d3700000)
  from space 36352K, 99% used [0x00000007d3700000,0x00000007d5a7c170,0x00000007d5a80000)
  to   space 64512K, 0% used [0x00000007efb00000,0x00000007efb00000,0x00000007f3a00000)
 ParOldGen       total 174080K, used 125087K [0x0000000700e00000, 0x000000070b800000, 0x00000007aaf00000)
  object space 174080K, 71% used [0x0000000700e00000,0x0000000708827c98,0x000000070b800000)
 PSPermGen       total 21504K, used 20134K [0x00000006fbc00000, 0x00000006fd100000, 0x0000000700e00000)
  object space 21504K, 93% used [0x00000006fbc00000,0x00000006fcfa9a80,0x00000006fd100000)
}
Event: 71.719 GC heap before
{Heap before GC invocations=14 (full 0):
 PSYoungGen      total 699904K, used 699888K [0x00000007aaf00000, 0x00000007f3a00000, 0x0000000800000000)
  eden space 663552K, 100% used [0x00000007aaf00000,0x00000007d3700000,0x00000007d3700000)
  from space 36352K, 99% used [0x00000007d3700000,0x00000007d5a7c170,0x00000007d5a80000)
  to   space 64512K, 0% used [0x00000007efb00000,0x00000007efb00000,0x00000007f3a00000)
 ParOldGen       total 174080K, used 125087K [0x0000000700e00000, 0x000000070b800000, 0x00000007aaf00000)
  object space 174080K, 71% used [0x0000000700e00000,0x0000000708827c98,0x000000070b800000)
 PSPermGen       total 21504K, used 20178K [0x00000006fbc00000, 0x00000006fd100000, 0x0000000700e00000)
  object space 21504K, 93% used [0x00000006fbc00000,0x00000006fcfb4b88,0x00000006fd100000)
Event: 71.978 GC heap after
Heap after GC invocations=14 (full 0):
 PSYoungGen      total 999424K, used 64480K [0x00000007aaf00000, 0x0000000800000000, 0x0000000800000000)
  eden space 934912K, 0% used [0x00000007aaf00000,0x00000007aaf00000,0x00000007e4000000)
  from space 64512K, 99% used [0x00000007efb00000,0x00000007f39f8040,0x00000007f3a00000)
  to   space 191488K, 0% used [0x00000007e4000000,0x00000007e4000000,0x00000007efb00000)
 ParOldGen       total 439296K, used 438329K [0x0000000700e00000, 0x000000071bb00000, 0x00000007aaf00000)
  object space 439296K, 99% used [0x0000000700e00000,0x000000071ba0e7e0,0x000000071bb00000)
 PSPermGen       total 21504K, used 20178K [0x00000006fbc00000, 0x00000006fd100000, 0x0000000700e00000)
  object space 21504K, 93% used [0x00000006fbc00000,0x00000006fcfb4b88,0x00000006fd100000)
}
Event: 71.978 GC heap before
{Heap before GC invocations=15 (full 1):
 PSYoungGen      total 999424K, used 64480K [0x00000007aaf00000, 0x0000000800000000, 0x0000000800000000)
  eden space 934912K, 0% used [0x00000007aaf00000,0x00000007aaf00000,0x00000007e4000000)
  from space 64512K, 99% used [0x00000007efb00000,0x00000007f39f8040,0x00000007f3a00000)
  to   space 191488K, 0% used [0x00000007e4000000,0x00000007e4000000,0x00000007efb00000)
 ParOldGen       total 439296K, used 438329K [0x0000000700e00000, 0x000000071bb00000, 0x00000007aaf00000)
  object space 439296K, 99% used [0x0000000700e00000,0x000000071ba0e7e0,0x000000071bb00000)
 PSPermGen       total 21504K, used 20178K [0x00000006fbc00000, 0x00000006fd100000, 0x0000000700e00000)
  object space 21504K, 93% used [0x00000006fbc00000,0x00000006fcfb4b88,0x00000006fd100000)

Deoptimization events (10 events):
Event: 37.884 Thread 0x0000000010c03000 Uncommon trap: reason=null_check action=make_not_entrant pc=0x0000000002c055d8 method=javax.media.j3d.TextureBin.addRenderMolecule(Ljavax/media/j3d/RenderMolecule;Ljavax/media/j3d/RenderBin;)V @ 36
Event: 37.916 Thread 0x0000000010c03000 Uncommon trap: reason=array_check action=maybe_recompile pc=0x0000000002c00040 method=javax.media.j3d.IndexedUnorderSet.add(Ljavax/media/j3d/IndexedObject;)V @ 81
Event: 37.916 Thread 0x0000000010c03000 Uncommon trap: reason=array_check action=maybe_recompile pc=0x0000000002c09194 method=javax.media.j3d.IndexedUnorderSet.add(Ljavax/media/j3d/IndexedObject;)V @ 81
Event: 37.916 Thread 0x0000000010c03000 Uncommon trap: reason=array_check action=maybe_recompile pc=0x0000000002c09194 method=javax.media.j3d.IndexedUnorderSet.add(Ljavax/media/j3d/IndexedObject;)V @ 81
Event: 37.916 Thread 0x0000000010c03000 Uncommon trap: reason=array_check action=maybe_recompile pc=0x0000000002c09194 method=javax.media.j3d.IndexedUnorderSet.add(Ljavax/media/j3d/IndexedObject;)V @ 81
Event: 37.916 Thread 0x0000000010c03000 Uncommon trap: reason=array_check action=maybe_recompile pc=0x0000000002c00040 method=javax.media.j3d.IndexedUnorderSet.add(Ljavax/media/j3d/IndexedObject;)V @ 81
Event: 41.681 Thread 0x0000000010bff800 Uncommon trap: reason=null_check action=make_not_entrant pc=0x0000000002c31db8 method=javax.media.j3d.BHNode.deleteFromParent()V @ 4
Event: 49.173 Thread 0x00000000133fe000 Uncommon trap: reason=class_check action=maybe_recompile pc=0x0000000002c04764 method=sun.java2d.SunGraphics2D.fillRect(IIII)V @ 10
Event: 50.244 Thread 0x00000000133fe000 Uncommon trap: reason=class_check action=maybe_recompile pc=0x0000000002c04764 method=sun.java2d.SunGraphics2D.fillRect(IIII)V @ 10
Event: 50.639 Thread 0x00000000133fe000 Uncommon trap: reason=unreached action=reinterpret pc=0x0000000002a3bc58 method=javax.media.j3d.MasterControl.sendMessage(Ljavax/media/j3d/J3dMessage;)V @ 301

Internal exceptions (10 events):
Event: 8.673 Thread 0x00000000133fe000 Implicit null exception at 0x000000000282a848 to 0x000000000282ab7b
Event: 10.627 Thread 0x00000000133fe000 Implicit null exception at 0x000000000291d37d to 0x000000000291da91
Event: 10.688 Thread 0x00000000133fe000 Implicit null exception at 0x0000000002920b30 to 0x0000000002921af5
Event: 13.436 Thread 0x00000000133fe000 Implicit null exception at 0x00000000029d6a03 to 0x00000000029d884d
Event: 14.620 Thread 0x00000000133fe000 Implicit null exception at 0x00000000029f0f95 to 0x00000000029f1301
Event: 15.981 Thread 0x0000000010c07800 Threw 0x00000007c2fffa68 at C:\jdk7u2_64p\jdk7u40\hotspot\src\share\vm\prims\jvm.cpp:1244
Event: 16.067 Thread 0x0000000010bff800 Threw 0x00000007c30f1180 at C:\jdk7u2_64p\jdk7u40\hotspot\src\share\vm\prims\jvm.cpp:1244
Event: 17.562 Thread 0x00000000132e2800 Implicit null exception at 0x0000000002a46bd6 to 0x0000000002a46cc1
Event: 37.884 Thread 0x0000000010c03000 Implicit null exception at 0x0000000002c041a4 to 0x0000000002c055a9
Event: 41.681 Thread 0x0000000010bff800 Implicit null exception at 0x0000000002c31304 to 0x0000000002c31da5

Events (10 events):
Event: 53.772 Executing VM operation: ParallelGCFailedAllocation done
Event: 55.578 Thread 0x0000000010c07800 Thread exited: 0x0000000010c07800
Event: 55.580 Thread 0x0000000010c07800 Thread added: 0x0000000010c07800
Event: 60.193 Thread 0x0000000010c07800 Thread exited: 0x0000000010c07800
Event: 60.194 Thread 0x0000000010c07800 Thread added: 0x0000000010c07800
Event: 64.773 Thread 0x0000000010c07800 Thread exited: 0x0000000010c07800
Event: 64.775 Thread 0x0000000010c07800 Thread added: 0x0000000010c07800
Event: 69.317 Thread 0x0000000010c07800 Thread exited: 0x0000000010c07800
Event: 69.319 Thread 0x0000000010c07800 Thread added: 0x0000000010c07800
Event: 71.719 Executing VM operation: ParallelGCFailedAllocation


Dynamic libraries:
0x000000013f590000 - 0x000000013f5c3000 	C:\Program Files\Java\jre7\bin\javaw.exe
0x0000000077240000 - 0x00000000773ea000 	C:\Windows\SYSTEM32\ntdll.dll
0x0000000077120000 - 0x000000007723f000 	C:\Windows\system32\kernel32.dll
0x000007fefcf90000 - 0x000007fefcffa000 	C:\Windows\system32\KERNELBASE.dll
0x000007fefd690000 - 0x000007fefd76b000 	C:\Windows\system32\ADVAPI32.dll
0x000007fefdf20000 - 0x000007fefdfbf000 	C:\Windows\system32\msvcrt.dll
0x000007feff4d0000 - 0x000007feff4ef000 	C:\Windows\SYSTEM32\sechost.dll
0x000007fefdb30000 - 0x000007fefdc5d000 	C:\Windows\system32\RPCRT4.dll
0x0000000077020000 - 0x000000007711a000 	C:\Windows\system32\USER32.dll
0x000007fefd340000 - 0x000007fefd3a7000 	C:\Windows\system32\GDI32.dll
0x000007fefd330000 - 0x000007fefd33e000 	C:\Windows\system32\LPK.dll
0x000007feff400000 - 0x000007feff4ca000 	C:\Windows\system32\USP10.dll
0x000007fefba40000 - 0x000007fefbc34000 	C:\Windows\WinSxS\amd64_microsoft.windows.common-controls_6595b64144ccf1df_6.0.7601.18837_none_fa3b1e3d17594757\COMCTL32.dll
0x000007feff350000 - 0x000007feff3c1000 	C:\Windows\system32\SHLWAPI.dll
0x000007feff3d0000 - 0x000007feff3fe000 	C:\Windows\system32\IMM32.DLL
0x000007fefdfc0000 - 0x000007fefe0c9000 	C:\Windows\system32\MSCTF.dll
0x0000000078f90000 - 0x0000000079061000 	C:\Program Files\Java\jre7\bin\msvcr100.dll
0x000000006e9f0000 - 0x000000006f1b9000 	C:\Program Files\Java\jre7\bin\server\jvm.dll
0x000007fef9e10000 - 0x000007fef9e19000 	C:\Windows\system32\WSOCK32.dll
0x000007fefdae0000 - 0x000007fefdb2d000 	C:\Windows\system32\WS2_32.dll
0x000007fefdc60000 - 0x000007fefdc68000 	C:\Windows\system32\NSI.dll
0x000007fef79d0000 - 0x000007fef7a0b000 	C:\Windows\system32\WINMM.dll
0x0000000077400000 - 0x0000000077407000 	C:\Windows\system32\PSAPI.DLL
0x0000000073d70000 - 0x0000000073d7f000 	C:\Program Files\Java\jre7\bin\verify.dll
0x00000000702f0000 - 0x0000000070318000 	C:\Program Files\Java\jre7\bin\java.dll
0x000000006ca00000 - 0x000000006ca35000 	C:\Program Files\Java\jre7\bin\jdwp.dll
0x0000000073da0000 - 0x0000000073da8000 	C:\Program Files\Java\jre7\bin\npt.dll
0x00000000733e0000 - 0x00000000733f5000 	C:\Program Files\Java\jre7\bin\zip.dll
0x00000000733d0000 - 0x00000000733d9000 	C:\Program Files\Java\jre7\bin\dt_socket.dll
0x000007fefa9d0000 - 0x000007fefa9e5000 	C:\Windows\system32\NLAapi.dll
0x000007fef7770000 - 0x000007fef7785000 	C:\Windows\system32\napinsp.dll
0x000007fef77d0000 - 0x000007fef77e9000 	C:\Windows\system32\pnrpnsp.dll
0x000007fefc450000 - 0x000007fefc4a5000 	C:\Windows\System32\mswsock.dll
0x000007fefc2d0000 - 0x000007fefc32b000 	C:\Windows\system32\DNSAPI.dll
0x000007fef77c0000 - 0x000007fef77cb000 	C:\Windows\System32\winrnr.dll
0x000007fef9d90000 - 0x000007fef9dbf000 	C:\Program Files\Common Files\Microsoft Shared\Windows Live\WLIDNSP.DLL
0x000007fefa740000 - 0x000007fefa767000 	C:\Windows\system32\IPHLPAPI.DLL
0x000007fefa730000 - 0x000007fefa73b000 	C:\Windows\system32\WINNSI.DLL
0x000007fefa590000 - 0x000007fefa5e3000 	C:\Windows\System32\fwpuclnt.dll
0x000007fef9d80000 - 0x000007fef9d88000 	C:\Windows\system32\rasadhlp.dll
0x000007fefc900000 - 0x000007fefc907000 	C:\Windows\System32\wshtcpip.dll
0x00000000511d0000 - 0x00000000511e9000 	C:\Program Files\Java\jre7\bin\net.dll
0x000007fefc440000 - 0x000007fefc447000 	C:\Windows\System32\wship6.dll
0x000000006db40000 - 0x000000006db51000 	C:\Program Files\Java\jre7\bin\nio.dll
0x000000006c1e0000 - 0x000000006c375000 	C:\Program Files\Java\jre7\bin\awt.dll
0x000007fefe0f0000 - 0x000007fefe1ca000 	C:\Windows\system32\OLEAUT32.dll
0x000007fefdc70000 - 0x000007fefde73000 	C:\Windows\system32\ole32.dll
0x000007fefb8b0000 - 0x000007fefb906000 	C:\Windows\system32\uxtheme.dll
0x000007fefc7b0000 - 0x000007fefc7c8000 	C:\Windows\system32\dwmapi.dll
0x000007fefce10000 - 0x000007fefce1f000 	C:\Windows\system32\CRYPTBASE.dll
0x0000000061660000 - 0x0000000061667000 	C:\Program Files\Java\jre7\bin\jawt.dll
0x0000000002660000 - 0x000000000269e000 	C:\Program Files\Java\Java3D\1.5.1\bin\j3dcore-ogl.dll
0x000007fee2900000 - 0x000007fee2a1d000 	C:\Windows\system32\OPENGL32.dll
0x000007feece50000 - 0x000007feece7d000 	C:\Windows\system32\GLU32.dll
0x000007fee89d0000 - 0x000007fee8ac1000 	C:\Windows\system32\DDRAW.dll
0x000007fefa2b0000 - 0x000007fefa2b8000 	C:\Windows\system32\DCIMAN32.dll
0x000007fefe1d0000 - 0x000007fefe3a7000 	C:\Windows\system32\SETUPAPI.dll
0x000007fefd290000 - 0x000007fefd2c6000 	C:\Windows\system32\CFGMGR32.dll
0x000007fefd2d0000 - 0x000007fefd2ea000 	C:\Windows\system32\DEVOBJ.dll
0x000007feece80000 - 0x000007feed07f000 	C:\Windows\system32\d3d9.dll
0x000007fefc8a0000 - 0x000007fefc8ac000 	C:\Windows\system32\VERSION.dll
0x000007feee560000 - 0x000007feee567000 	C:\Windows\system32\d3d8thk.dll
0x000007fee87a0000 - 0x000007fee891f000 	C:\Windows\system32\aticfx64.dll
0x000007fef1d20000 - 0x000007fef1d49000 	C:\Windows\system32\atiu9p64.dll
0x000007fee2a20000 - 0x000007fee329f000 	C:\Windows\system32\atiumd64.dll
0x00000000146c0000 - 0x0000000015168000 	C:\Windows\system32\atiumd6a.dll
0x000007fefc8b0000 - 0x000007fefc8dc000 	C:\Windows\system32\POWRPROF.dll
0x000007fef0f40000 - 0x000007fef0f5f000 	C:\Windows\system32\atig6pxx.dll
0x00000000680f0000 - 0x000000006a178000 	C:\Windows\system32\atio6axx.dll
0x000007feedd00000 - 0x000007feede51000 	C:\Windows\system32\atiadlxx.dll
0x000007fefe3b0000 - 0x000007feff13a000 	C:\Windows\system32\SHELL32.dll
0x000007fefb910000 - 0x000007fefba3c000 	C:\Windows\system32\PROPSYS.dll
0x000007fefd310000 - 0x000007fefd32e000 	C:\Windows\system32\USERENV.dll
0x000007fefcf70000 - 0x000007fefcf7f000 	C:\Windows\system32\profapi.dll
0x000007fefc8e0000 - 0x000007fefc8f1000 	C:\Windows\system32\WTSAPI32.dll
0x000007fefd000000 - 0x000007fefd03b000 	C:\Windows\system32\WINTRUST.dll
0x000007fefd070000 - 0x000007fefd1dd000 	C:\Windows\system32\CRYPT32.dll
0x000007fefcf80000 - 0x000007fefcf8f000 	C:\Windows\system32\MSASN1.dll
0x000007feeb420000 - 0x000007feeb453000 	C:\Windows\system32\atig6txx.dll
0x000000006c610000 - 0x000000006c64f000 	C:\Program Files\Java\jre7\bin\fontmanager.dll
0x000000006dba0000 - 0x000000006dbe1000 	C:\Program Files\Java\jre7\bin\t2k.dll
0x000007fefde80000 - 0x000007fefdf19000 	C:\Windows\system32\CLBCatQ.DLL
0x000007fefb300000 - 0x000007fefb461000 	C:\Windows\system32\WindowsCodecs.dll
0x000007fefcdb0000 - 0x000007fefce07000 	C:\Windows\system32\apphelp.dll
0x000007fef7b40000 - 0x000007fef7b88000 	C:\Users\Andreas\AppData\Roaming\Dropbox\bin\DropboxExt64.14.0.dll
0x0000000070080000 - 0x00000000700a0000 	C:\Program Files\Common Files\TortoiseOverlays\TortoiseOverlays.dll
0x000007fef7b10000 - 0x000007fef7b13000 	C:\Windows\system32\api-ms-win-core-synch-l1-2-0.DLL
0x0000000070060000 - 0x0000000070077000 	C:\Program Files\TortoiseGit\bin\TortoiseGitStub.dll
0x000000006ffd0000 - 0x000000007005d000 	C:\Program Files\TortoiseGit\bin\TortoiseGit.dll
0x000007fef4910000 - 0x000007fef49b5000 	C:\Program Files\TortoiseGit\bin\libgit2.dll
0x000007fef7af0000 - 0x000007fef7b08000 	C:\Program Files\TortoiseGit\bin\zlib1.dll
0x000007fef4830000 - 0x000007fef4904000 	C:\Windows\system32\MSVCR110.dll
0x000007fef93a0000 - 0x000007fef9411000 	C:\Windows\system32\WINHTTP.dll
0x000007fef9330000 - 0x000007fef9395000 	C:\Windows\system32\webio.dll
0x000007fef4600000 - 0x000007fef482b000 	C:\Program Files\TortoiseGit\bin\gitdll.dll
0x000007fef4550000 - 0x000007fef45f7000 	C:\Windows\system32\MSVCP110.dll
0x000000006ffb0000 - 0x000000006ffc9000 	C:\Program Files\TortoiseSVN\bin\TortoiseStub.dll
0x000000006ff00000 - 0x000000006ffac000 	C:\Program Files\TortoiseSVN\bin\TortoiseSVN.dll
0x000007fefd3b0000 - 0x000007fefd682000 	C:\Windows\system32\WININET.dll
0x000007fefd280000 - 0x000007fefd284000 	C:\Windows\system32\api-ms-win-downlevel-user32-l1-1-0.dll
0x000007fefd050000 - 0x000007fefd054000 	C:\Windows\system32\api-ms-win-downlevel-shlwapi-l1-1-0.dll
0x000007fefd2f0000 - 0x000007fefd2f4000 	C:\Windows\system32\api-ms-win-downlevel-version-l1-1-0.dll
0x000007fefd300000 - 0x000007fefd303000 	C:\Windows\system32\api-ms-win-downlevel-normaliz-l1-1-0.dll
0x0000000077410000 - 0x0000000077413000 	C:\Windows\system32\normaliz.DLL
0x000007fefd770000 - 0x000007fefda3a000 	C:\Windows\system32\iertutil.dll
0x000007fefd040000 - 0x000007fefd045000 	C:\Windows\system32\api-ms-win-downlevel-advapi32-l1-1-0.dll
0x000007fef3f70000 - 0x000007fef454c000 	C:\Program Files\TortoiseSVN\bin\libsvn_tsvn.dll
0x000000006fea0000 - 0x000000006fef2000 	C:\Program Files\TortoiseSVN\bin\libapr_tsvn.dll
0x000000006fe40000 - 0x000000006fe9f000 	C:\Program Files\TortoiseSVN\bin\libaprutil_tsvn.dll
0x000007feff4f0000 - 0x000007feff542000 	C:\Windows\system32\WLDAP32.dll
0x000007fef3ef0000 - 0x000007fef3f61000 	C:\Program Files\TortoiseSVN\bin\intl3_tsvn.dll
0x000007fef7ab0000 - 0x000007fef7aec000 	C:\Program Files\TortoiseSVN\bin\libsasl.dll
0x000007fefcd50000 - 0x000007fefcd5b000 	C:\Windows\system32\Secur32.dll
0x000007fefcd80000 - 0x000007fefcda5000 	C:\Windows\system32\SSPICLI.DLL
0x000007fef7a80000 - 0x000007fef7aaf000 	C:\Program Files\TortoiseSVN\bin\crshhndl.dll
0x000007feeb930000 - 0x000007feeb9d0000 	C:\Windows\WinSxS\amd64_microsoft.windows.common-controls_6595b64144ccf1df_5.82.7601.18837_none_a4d981ff711297b6\comctl32.dll
0x000007feef220000 - 0x000007feef3bc000 	C:\Windows\system32\NetworkExplorer.dll
0x000007fefaba0000 - 0x000007fefabcd000 	C:\Windows\system32\ntmarta.dll
0x000007fef3d30000 - 0x000007fef3d64000 	C:\Windows\System32\shdocvw.dll
0x000007fefa850000 - 0x000007fefa85b000 	C:\Windows\system32\slc.dll
0x000007fef97d0000 - 0x000007fef97e8000 	C:\Windows\system32\MPR.dll
0x000007fef9fd0000 - 0x000007fef9fda000 	C:\Windows\System32\drprov.dll
0x000007fefcaf0000 - 0x000007fefcb2d000 	C:\Windows\System32\WINSTA.dll
0x000007feef1f0000 - 0x000007feef212000 	C:\Windows\System32\ntlanman.dll
0x000007fef9fb0000 - 0x000007fef9fce000 	C:\Windows\System32\davclnt.dll
0x000007fef0da0000 - 0x000007fef0daa000 	C:\Windows\System32\DAVHLPR.dll
0x000007fefb1a0000 - 0x000007fefb1b5000 	C:\Windows\system32\wkscli.dll
0x000007fef77f0000 - 0x000007fef77ff000 	C:\Windows\system32\cscapi.dll

VM Arguments:
jvm_args: -agentlib:jdwp=transport=dt_socket,suspend=y,address=localhost:4194 -Djava.library.path=C:\Program Files\Java\Java3D\1.5.1\bin -Dfile.encoding=Cp1252 
java_command: main.Main
Launcher Type: SUN_STANDARD

Environment Variables:
JAVA_HOME=C:\Program Files\Java\jdk1.7.0_40
USERNAME=Andreas
OS=Windows_NT
PROCESSOR_IDENTIFIER=Intel64 Family 6 Model 60 Stepping 3, GenuineIntel



---------------  S Y S T E M  ---------------

OS: Windows 7 , 64 bit Build 7601 Service Pack 1

CPU:total 8 (4 cores per cpu, 2 threads per core) family 6 model 60 stepping 3, cmov, cx8, fxsr, mmx, sse, sse2, sse3, ssse3, sse4.1, sse4.2, popcnt, avx, avx2, aes, erms, ht, tsc, tscinvbit

Memory: 4k page, physical 16713340k(9090728k free), swap 33424820k(24434808k free)

vm_info: Java HotSpot(TM) 64-Bit Server VM (24.0-b56) for windows-amd64 JRE (1.7.0_40-b43), built on Aug 26 2013 22:38:32 by "java_re" with unknown MS VC++:1600

time: Tue Feb 07 14:07:03 2017
elapsed time: 73 seconds

